============================= test session starts ==============================
platform darwin -- Python 3.13.1, pytest-8.3.4, pluggy-1.5.0 -- /Users/lclose/thermal2pro/thermalenv/bin/python
cachedir: .pytest_cache
rootdir: /Users/lclose/claude-space/thermal2pro
configfile: pyproject.toml
collecting ... collected 54 items

tests/test_cairo_handling.py::test_surface_creation_with_camera_frame PASSED [  1%]
tests/test_cairo_handling.py::test_frame_data_lifetime PASSED            [  3%]
tests/test_cairo_handling.py::test_frame_memory_alignment PASSED         [  5%]
tests/test_cairo_handling.py::test_cairo_write_access PASSED             [  7%]
tests/test_cairo_handling.py::test_invalid_frame_input PASSED            [  9%]
tests/test_cairo_handling.py::test_alpha_channel_handling PASSED         [ 11%]
tests/test_cairo_handling.py::test_memory_cleanup PASSED                 [ 12%]
tests/test_cairo_handling.py::test_scale_and_center PASSED               [ 14%]
tests/test_cairo_handling.py::test_scale_and_center_smaller_target PASSED [ 16%]
tests/test_cairo_handling.py::test_scale_and_center_edge_cases PASSED    [ 18%]
tests/test_cairo_handling.py::test_scale_and_center_invalid_matrix PASSED [ 20%]
tests/test_camera.py::test_frame_conversion PASSED                       [ 22%]
tests/test_camera.py::test_mock_camera PASSED                            [ 24%]
tests/test_camera_processing.py::test_color_palette_switching PASSED     [ 25%]
tests/test_camera_processing.py::test_frame_scaling PASSED               [ 27%]
tests/test_camera_processing.py::test_temperature_range_mapping PASSED   [ 29%]
tests/test_camera_processing.py::test_frame_preprocessing PASSED         [ 31%]
tests/test_camera_processing.py::test_invalid_palette_handling PASSED    [ 33%]
tests/test_camera_processing.py::test_invalid_frame_handling PASSED      [ 35%]
tests/test_integration.py::TestMockCamera::test_cleanup PASSED           [ 37%]
tests/test_integration.py::TestMockCamera::test_frame_capture PASSED     [ 38%]
tests/test_integration.py::TestMockCamera::test_frame_processing PASSED  [ 40%]
tests/test_integration.py::TestMockCamera::test_frame_saving PASSED      [ 42%]
tests/test_integration.py::TestMockCamera::test_initialization PASSED    [ 44%]
tests/test_integration.py::TestImageProcessing::test_colormap_application PASSED [ 46%]
tests/test_integration.py::TestImageProcessing::test_frame_conversion PASSED [ 48%]
tests/test_live_view.py::test_frame_processing PASSED                    [ 50%]
tests/test_live_view.py::test_buffer_management PASSED                   [ 51%]
tests/test_live_view.py::test_frame_skipping PASSED                      [ 53%]
tests/test_live_view.py::test_metrics_calculation PASSED                 [ 55%]
tests/test_live_view.py::test_buffer_clearing PASSED                     [ 57%]
tests/test_live_view.py::test_high_fps_handling PASSED                   [ 59%]
tests/test_live_view.py::test_thread_safety PASSED                       [ 61%]
tests/test_live_view.py::test_performance_under_load PASSED              [ 62%]
tests/test_modes.py::TestModes::test_mode_lifecycle PASSED               [ 64%]
tests/test_modes.py::TestModes::test_live_view_mode PASSED               [ 66%]
tests/test_modes.py::TestModes::test_mode_switching PASSED               [ 68%]
tests/test_modes.py::TestModes::test_frame_processing PASSED             [ 70%]
tests/test_modes.py::TestModes::test_overlay_drawing PASSED              [ 72%]
tests/test_storage.py::test_storage_paths PASSED                         [ 74%]
tests/test_storage.py::test_storage_monitoring_with_cleanup PASSED       [ 75%]
tests/test_storage.py::test_storage_fallback PASSED                      [ 77%]
tests/test_storage.py::test_usb_storage_detection PASSED                 [ 79%]
tests/test_storage.py::test_list_captures PASSED                         [ 81%]
tests/test_storage.py::test_cleanup_old_captures PASSED                  [ 83%]
tests/test_storage.py::test_monitor_storage PASSED                       [ 85%]
tests/test_ui.py::TestWindow::test_window_initialization PASSED          [ 87%]
tests/test_ui.py::TestWindow::test_camera_fallback PASSED                [ 88%]
tests/test_ui.py::TestWindow::test_frame_processing PASSED               [ 90%]
tests/test_ui.py::TestWindow::test_window_cleanup PASSED                 [ 92%]
tests/test_ui.py::TestWindow::test_drawing_area PASSED                   [ 94%]
tests/test_ui.py::TestWindow::test_error_handling PASSED                 [ 96%]
tests/test_ui.py::TestWindow::test_resize_handling PASSED                [ 98%]
tests/test_ui.py::TestWindow::test_mode_button_interaction PASSED        [100%]

============================== 54 passed in 2.28s ==============================
