============================= test session starts ==============================
platform darwin -- Python 3.13.1, pytest-8.3.4, pluggy-1.5.0 -- /Users/lclose/thermal2pro/thermalenv/bin/python
cachedir: .pytest_cache
rootdir: /Users/lclose/claude-space/thermal2pro
configfile: pyproject.toml
collecting ... collected 54 items

tests/test_cairo_handling.py::test_surface_creation_with_camera_frame PASSED [  1%]
tests/test_cairo_handling.py::test_frame_data_lifetime PASSED            [  3%]
tests/test_cairo_handling.py::test_frame_memory_alignment PASSED         [  5%]
tests/test_cairo_handling.py::test_cairo_write_access PASSED             [  7%]
tests/test_cairo_handling.py::test_invalid_frame_input PASSED            [  9%]
tests/test_cairo_handling.py::test_alpha_channel_handling PASSED         [ 11%]
tests/test_cairo_handling.py::test_memory_cleanup PASSED                 [ 12%]
tests/test_cairo_handling.py::test_scale_and_center PASSED               [ 14%]
tests/test_cairo_handling.py::test_scale_and_center_smaller_target PASSED [ 16%]
tests/test_cairo_handling.py::test_scale_and_center_edge_cases PASSED    [ 18%]
tests/test_cairo_handling.py::test_scale_and_center_invalid_matrix PASSED [ 20%]
tests/test_camera.py::test_frame_conversion PASSED                       [ 22%]
tests/test_camera.py::test_mock_camera PASSED                            [ 24%]
tests/test_camera_processing.py::test_color_palette_switching PASSED     [ 25%]
tests/test_camera_processing.py::test_frame_scaling PASSED               [ 27%]
tests/test_camera_processing.py::test_temperature_range_mapping PASSED   [ 29%]
tests/test_camera_processing.py::test_frame_preprocessing PASSED         [ 31%]
tests/test_camera_processing.py::test_invalid_palette_handling PASSED    [ 33%]
tests/test_camera_processing.py::test_invalid_frame_handling PASSED      [ 35%]
tests/test_integration.py::TestMockCamera::test_cleanup PASSED           [ 37%]
tests/test_integration.py::TestMockCamera::test_frame_capture PASSED     [ 38%]
tests/test_integration.py::TestMockCamera::test_frame_processing PASSED  [ 40%]
tests/test_integration.py::TestMockCamera::test_frame_saving PASSED      [ 42%]
tests/test_integration.py::TestMockCamera::test_initialization PASSED    [ 44%]
tests/test_integration.py::TestImageProcessing::test_colormap_application PASSED [ 46%]
tests/test_integration.py::TestImageProcessing::test_frame_conversion PASSED [ 48%]
tests/test_live_view.py::test_frame_processing PASSED                    [ 50%]
tests/test_live_view.py::test_buffer_management PASSED                   [ 51%]
tests/test_live_view.py::test_frame_skipping PASSED                      [ 53%]
tests/test_live_view.py::test_metrics_calculation PASSED                 [ 55%]
tests/test_live_view.py::test_buffer_clearing PASSED                     [ 57%]
tests/test_live_view.py::test_high_fps_handling PASSED                   [ 59%]
tests/test_live_view.py::test_thread_safety PASSED                       [ 61%]
tests/test_live_view.py::test_performance_under_load PASSED              [ 62%]
tests/test_modes.py::TestModes::test_mode_lifecycle PASSED               [ 64%]
tests/test_modes.py::TestModes::test_live_view_mode PASSED               [ 66%]
tests/test_modes.py::TestModes::test_mode_switching FAILED               [ 68%]
tests/test_modes.py::TestModes::test_frame_processing PASSED             [ 70%]
tests/test_modes.py::TestModes::test_overlay_drawing PASSED              [ 72%]
tests/test_storage.py::test_storage_paths PASSED                         [ 74%]
tests/test_storage.py::test_storage_monitoring_with_cleanup PASSED       [ 75%]
tests/test_storage.py::test_storage_fallback PASSED                      [ 77%]
tests/test_storage.py::test_usb_storage_detection PASSED                 [ 79%]
tests/test_storage.py::test_list_captures PASSED                         [ 81%]
tests/test_storage.py::test_cleanup_old_captures PASSED                  [ 83%]
tests/test_storage.py::test_monitor_storage PASSED                       [ 85%]
tests/test_ui.py::TestWindow::test_window_initialization FAILED          [ 87%]
tests/test_ui.py::TestWindow::test_camera_fallback FAILED                [ 88%]
tests/test_ui.py::TestWindow::test_frame_processing FAILED               [ 90%]
tests/test_ui.py::TestWindow::test_window_cleanup FAILED                 [ 92%]
tests/test_ui.py::TestWindow::test_drawing_area FAILED                   [ 94%]
tests/test_ui.py::TestWindow::test_error_handling FAILED                 [ 96%]
tests/test_ui.py::TestWindow::test_resize_handling FAILED                [ 98%]
tests/test_ui.py::TestWindow::test_mode_button_interaction FAILED        [100%]

=================================== FAILURES ===================================
________________________ TestModes.test_mode_switching _________________________
tests/test_modes.py:130: in test_mode_switching
    window = TestThermalWindow(mock_app, use_mock_camera=True)
tests/test_modes.py:18: in __init__
    super().__init__(app)
src/thermal2pro/ui/window.py:110: in __init__
    display.connect('monitor-added', self._on_monitor_added)
E   TypeError: <__gi__.GdkMacosDisplay object at 0x12613fc40 (GdkMacosDisplay at 0x126789a40)>: unknown signal name: monitor-added
----------------------------- Captured stdout call -----------------------------
[01/19 22:51:39.840094][info][360536][Context.cpp:69] Context created with config: default config!
[01/19 22:51:39.840137][info][360536][Context.cpp:74] Context work_dir=/Users/lclose/claude-space/thermal2pro
[01/19 22:51:39.840141][info][360536][Context.cpp:77] 	- SDK version: 1.9.4
[01/19 22:51:39.840144][info][360536][Context.cpp:78] 	- SDK stage version: main
[01/19 22:51:39.840152][info][360536][Context.cpp:82] get config EnumerateNetDevice:false
[01/19 22:51:39.840154][info][360536][MacPal.cpp:36] createObPal: create MacPal!
[01/19 22:51:39.845129][info][360536][MacPal.cpp:104] Create PollingDeviceWatcher!
[01/19 22:51:39.845162][info][360536][DeviceManager.cpp:15] Current found device(s): (0)
[01/19 22:51:39.845168][info][360536][Pipeline.cpp:15] Try to create pipeline with default device.
[01/19 22:51:39.845172][warning][360536][ObException.cpp:5] No device found, fail to create pipeline!
[01/19 22:51:39.845896][info][360536][Context.cpp:90] Context destroyed
----------------------------- Captured stderr call -----------------------------
OpenCV: not authorized to capture video (status 0), requesting...
OpenCV: camera failed to properly initialize!
[ WARN:0@0.761] global cap.cpp:323 open VIDEOIO(OBSENSOR): raised unknown C++ exception!


------------------------------ Captured log call -------------------------------
WARNING  thermal2pro.ui.window:window.py:91 Camera initialization failed: Failed to open camera, falling back to mock camera
____________________ TestWindow.test_window_initialization _____________________
tests/test_ui.py:31: in test_window_initialization
    window = TestThermalWindow(mock_app, use_mock_camera=True)
tests/test_ui.py:15: in __init__
    super().__init__(app)
src/thermal2pro/ui/window.py:110: in __init__
    display.connect('monitor-added', self._on_monitor_added)
E   TypeError: <__gi__.GdkMacosDisplay object at 0x12613fc40 (GdkMacosDisplay at 0x126789a40)>: unknown signal name: monitor-added
----------------------------- Captured stdout call -----------------------------
[01/19 22:51:40.237523][info][360536][Context.cpp:69] Context created with config: default config!
[01/19 22:51:40.237579][info][360536][Context.cpp:74] Context work_dir=/Users/lclose/claude-space/thermal2pro
[01/19 22:51:40.237585][info][360536][Context.cpp:77] 	- SDK version: 1.9.4
[01/19 22:51:40.237587][info][360536][Context.cpp:78] 	- SDK stage version: main
[01/19 22:51:40.237592][info][360536][Context.cpp:82] get config EnumerateNetDevice:false
[01/19 22:51:40.237596][info][360536][MacPal.cpp:36] createObPal: create MacPal!
[01/19 22:51:40.239385][info][360536][MacPal.cpp:104] Create PollingDeviceWatcher!
[01/19 22:51:40.239403][info][360536][DeviceManager.cpp:15] Current found device(s): (0)
[01/19 22:51:40.239408][info][360536][Pipeline.cpp:15] Try to create pipeline with default device.
[01/19 22:51:40.239411][warning][360536][ObException.cpp:5] No device found, fail to create pipeline!
[01/19 22:51:40.240132][info][360536][Context.cpp:90] Context destroyed
----------------------------- Captured stderr call -----------------------------
OpenCV: not authorized to capture video (status 0), requesting...
OpenCV: camera failed to properly initialize!
[ WARN:0@1.156] global cap.cpp:323 open VIDEOIO(OBSENSOR): raised unknown C++ exception!


------------------------------ Captured log call -------------------------------
WARNING  thermal2pro.ui.window:window.py:91 Camera initialization failed: Failed to open camera, falling back to mock camera
_______________________ TestWindow.test_camera_fallback ________________________
tests/test_ui.py:44: in test_camera_fallback
    window = TestThermalWindow(mock_app, use_mock_camera=False)
tests/test_ui.py:15: in __init__
    super().__init__(app)
src/thermal2pro/ui/window.py:110: in __init__
    display.connect('monitor-added', self._on_monitor_added)
E   TypeError: <__gi__.GdkMacosDisplay object at 0x12613fc40 (GdkMacosDisplay at 0x126789a40)>: unknown signal name: monitor-added
------------------------------ Captured log call -------------------------------
WARNING  thermal2pro.ui.window:window.py:91 Camera initialization failed: Failed to open camera, falling back to mock camera
_______________________ TestWindow.test_frame_processing _______________________
tests/test_ui.py:52: in test_frame_processing
    window = TestThermalWindow(mock_app, use_mock_camera=True)
tests/test_ui.py:15: in __init__
    super().__init__(app)
src/thermal2pro/ui/window.py:110: in __init__
    display.connect('monitor-added', self._on_monitor_added)
E   TypeError: <__gi__.GdkMacosDisplay object at 0x12613fc40 (GdkMacosDisplay at 0x126789a40)>: unknown signal name: monitor-added
----------------------------- Captured stdout call -----------------------------
[01/19 22:51:40.388896][info][360536][Context.cpp:69] Context created with config: default config!
[01/19 22:51:40.388947][info][360536][Context.cpp:74] Context work_dir=/Users/lclose/claude-space/thermal2pro
[01/19 22:51:40.388951][info][360536][Context.cpp:77] 	- SDK version: 1.9.4
[01/19 22:51:40.388953][info][360536][Context.cpp:78] 	- SDK stage version: main
[01/19 22:51:40.388956][info][360536][Context.cpp:82] get config EnumerateNetDevice:false
[01/19 22:51:40.388959][info][360536][MacPal.cpp:36] createObPal: create MacPal!
[01/19 22:51:40.390675][info][360536][MacPal.cpp:104] Create PollingDeviceWatcher!
[01/19 22:51:40.390695][info][360536][DeviceManager.cpp:15] Current found device(s): (0)
[01/19 22:51:40.390700][info][360536][Pipeline.cpp:15] Try to create pipeline with default device.
[01/19 22:51:40.390703][warning][360536][ObException.cpp:5] No device found, fail to create pipeline!
[01/19 22:51:40.391363][info][360536][Context.cpp:90] Context destroyed
----------------------------- Captured stderr call -----------------------------
OpenCV: not authorized to capture video (status 0), requesting...
OpenCV: camera failed to properly initialize!
[ WARN:0@1.307] global cap.cpp:323 open VIDEOIO(OBSENSOR): raised unknown C++ exception!


------------------------------ Captured log call -------------------------------
WARNING  thermal2pro.ui.window:window.py:91 Camera initialization failed: Failed to open camera, falling back to mock camera
________________________ TestWindow.test_window_cleanup ________________________
tests/test_ui.py:71: in test_window_cleanup
    window = TestThermalWindow(mock_app, use_mock_camera=True)
tests/test_ui.py:15: in __init__
    super().__init__(app)
src/thermal2pro/ui/window.py:110: in __init__
    display.connect('monitor-added', self._on_monitor_added)
E   TypeError: <__gi__.GdkMacosDisplay object at 0x12613fc40 (GdkMacosDisplay at 0x126789a40)>: unknown signal name: monitor-added
----------------------------- Captured stdout call -----------------------------
[01/19 22:51:40.524068][info][360536][Context.cpp:69] Context created with config: default config!
[01/19 22:51:40.524142][info][360536][Context.cpp:74] Context work_dir=/Users/lclose/claude-space/thermal2pro
[01/19 22:51:40.524146][info][360536][Context.cpp:77] 	- SDK version: 1.9.4
[01/19 22:51:40.524148][info][360536][Context.cpp:78] 	- SDK stage version: main
[01/19 22:51:40.524152][info][360536][Context.cpp:82] get config EnumerateNetDevice:false
[01/19 22:51:40.524155][info][360536][MacPal.cpp:36] createObPal: create MacPal!
[01/19 22:51:40.525770][info][360536][MacPal.cpp:104] Create PollingDeviceWatcher!
[01/19 22:51:40.525786][info][360536][DeviceManager.cpp:15] Current found device(s): (0)
[01/19 22:51:40.525792][info][360536][Pipeline.cpp:15] Try to create pipeline with default device.
[01/19 22:51:40.525795][warning][360536][ObException.cpp:5] No device found, fail to create pipeline!
[01/19 22:51:40.526457][info][360536][Context.cpp:90] Context destroyed
----------------------------- Captured stderr call -----------------------------
OpenCV: not authorized to capture video (status 0), requesting...
OpenCV: camera failed to properly initialize!
[ WARN:0@1.442] global cap.cpp:323 open VIDEOIO(OBSENSOR): raised unknown C++ exception!


------------------------------ Captured log call -------------------------------
WARNING  thermal2pro.ui.window:window.py:91 Camera initialization failed: Failed to open camera, falling back to mock camera
_________________________ TestWindow.test_drawing_area _________________________
tests/test_ui.py:86: in test_drawing_area
    window = TestThermalWindow(mock_app, use_mock_camera=True)
tests/test_ui.py:15: in __init__
    super().__init__(app)
src/thermal2pro/ui/window.py:110: in __init__
    display.connect('monitor-added', self._on_monitor_added)
E   TypeError: <__gi__.GdkMacosDisplay object at 0x12613fc40 (GdkMacosDisplay at 0x126789a40)>: unknown signal name: monitor-added
----------------------------- Captured stdout call -----------------------------
[01/19 22:51:40.662936][info][360536][Context.cpp:69] Context created with config: default config!
[01/19 22:51:40.662989][info][360536][Context.cpp:74] Context work_dir=/Users/lclose/claude-space/thermal2pro
[01/19 22:51:40.662993][info][360536][Context.cpp:77] 	- SDK version: 1.9.4
[01/19 22:51:40.662995][info][360536][Context.cpp:78] 	- SDK stage version: main
[01/19 22:51:40.662999][info][360536][Context.cpp:82] get config EnumerateNetDevice:false
[01/19 22:51:40.663004][info][360536][MacPal.cpp:36] createObPal: create MacPal!
[01/19 22:51:40.664749][info][360536][MacPal.cpp:104] Create PollingDeviceWatcher!
[01/19 22:51:40.664768][info][360536][DeviceManager.cpp:15] Current found device(s): (0)
[01/19 22:51:40.664772][info][360536][Pipeline.cpp:15] Try to create pipeline with default device.
[01/19 22:51:40.664777][warning][360536][ObException.cpp:5] No device found, fail to create pipeline!
[01/19 22:51:40.665552][info][360536][Context.cpp:90] Context destroyed
----------------------------- Captured stderr call -----------------------------
OpenCV: not authorized to capture video (status 0), requesting...
OpenCV: camera failed to properly initialize!
[ WARN:0@1.581] global cap.cpp:323 open VIDEOIO(OBSENSOR): raised unknown C++ exception!


------------------------------ Captured log call -------------------------------
WARNING  thermal2pro.ui.window:window.py:91 Camera initialization failed: Failed to open camera, falling back to mock camera
________________________ TestWindow.test_error_handling ________________________
tests/test_ui.py:99: in test_error_handling
    window = TestThermalWindow(mock_app, use_mock_camera=True)
tests/test_ui.py:15: in __init__
    super().__init__(app)
src/thermal2pro/ui/window.py:110: in __init__
    display.connect('monitor-added', self._on_monitor_added)
E   TypeError: <__gi__.GdkMacosDisplay object at 0x12613fc40 (GdkMacosDisplay at 0x126789a40)>: unknown signal name: monitor-added
----------------------------- Captured stdout call -----------------------------
[01/19 22:51:40.799461][info][360536][Context.cpp:69] Context created with config: default config!
[01/19 22:51:40.799511][info][360536][Context.cpp:74] Context work_dir=/Users/lclose/claude-space/thermal2pro
[01/19 22:51:40.799515][info][360536][Context.cpp:77] 	- SDK version: 1.9.4
[01/19 22:51:40.799517][info][360536][Context.cpp:78] 	- SDK stage version: main
[01/19 22:51:40.799521][info][360536][Context.cpp:82] get config EnumerateNetDevice:false
[01/19 22:51:40.799527][info][360536][MacPal.cpp:36] createObPal: create MacPal!
[01/19 22:51:40.801396][info][360536][MacPal.cpp:104] Create PollingDeviceWatcher!
[01/19 22:51:40.801422][info][360536][DeviceManager.cpp:15] Current found device(s): (0)
[01/19 22:51:40.801427][info][360536][Pipeline.cpp:15] Try to create pipeline with default device.
[01/19 22:51:40.801431][warning][360536][ObException.cpp:5] No device found, fail to create pipeline!
[01/19 22:51:40.802212][info][360536][Context.cpp:90] Context destroyed
----------------------------- Captured stderr call -----------------------------
OpenCV: not authorized to capture video (status 0), requesting...
OpenCV: camera failed to properly initialize!
[ WARN:0@1.718] global cap.cpp:323 open VIDEOIO(OBSENSOR): raised unknown C++ exception!


------------------------------ Captured log call -------------------------------
WARNING  thermal2pro.ui.window:window.py:91 Camera initialization failed: Failed to open camera, falling back to mock camera
_______________________ TestWindow.test_resize_handling ________________________
tests/test_ui.py:113: in test_resize_handling
    window = TestThermalWindow(mock_app, use_mock_camera=True)
tests/test_ui.py:15: in __init__
    super().__init__(app)
src/thermal2pro/ui/window.py:110: in __init__
    display.connect('monitor-added', self._on_monitor_added)
E   TypeError: <__gi__.GdkMacosDisplay object at 0x12613fc40 (GdkMacosDisplay at 0x126789a40)>: unknown signal name: monitor-added
----------------------------- Captured stdout call -----------------------------
[01/19 22:51:40.937139][info][360536][Context.cpp:69] Context created with config: default config!
[01/19 22:51:40.937185][info][360536][Context.cpp:74] Context work_dir=/Users/lclose/claude-space/thermal2pro
[01/19 22:51:40.937189][info][360536][Context.cpp:77] 	- SDK version: 1.9.4
[01/19 22:51:40.937192][info][360536][Context.cpp:78] 	- SDK stage version: main
[01/19 22:51:40.937196][info][360536][Context.cpp:82] get config EnumerateNetDevice:false
[01/19 22:51:40.937198][info][360536][MacPal.cpp:36] createObPal: create MacPal!
[01/19 22:51:40.938959][info][360536][MacPal.cpp:104] Create PollingDeviceWatcher!
[01/19 22:51:40.938987][info][360536][DeviceManager.cpp:15] Current found device(s): (0)
[01/19 22:51:40.938992][info][360536][Pipeline.cpp:15] Try to create pipeline with default device.
[01/19 22:51:40.938996][warning][360536][ObException.cpp:5] No device found, fail to create pipeline!
[01/19 22:51:40.939741][info][360536][Context.cpp:90] Context destroyed
----------------------------- Captured stderr call -----------------------------
OpenCV: not authorized to capture video (status 0), requesting...
OpenCV: camera failed to properly initialize!
[ WARN:0@1.855] global cap.cpp:323 open VIDEOIO(OBSENSOR): raised unknown C++ exception!


------------------------------ Captured log call -------------------------------
WARNING  thermal2pro.ui.window:window.py:91 Camera initialization failed: Failed to open camera, falling back to mock camera
___________________ TestWindow.test_mode_button_interaction ____________________
tests/test_ui.py:124: in test_mode_button_interaction
    window = TestThermalWindow(mock_app, use_mock_camera=True)
tests/test_ui.py:15: in __init__
    super().__init__(app)
src/thermal2pro/ui/window.py:110: in __init__
    display.connect('monitor-added', self._on_monitor_added)
E   TypeError: <__gi__.GdkMacosDisplay object at 0x12613fc40 (GdkMacosDisplay at 0x126789a40)>: unknown signal name: monitor-added
----------------------------- Captured stdout call -----------------------------
[01/19 22:51:41.072714][info][360536][Context.cpp:69] Context created with config: default config!
[01/19 22:51:41.072758][info][360536][Context.cpp:74] Context work_dir=/Users/lclose/claude-space/thermal2pro
[01/19 22:51:41.072763][info][360536][Context.cpp:77] 	- SDK version: 1.9.4
[01/19 22:51:41.072765][info][360536][Context.cpp:78] 	- SDK stage version: main
[01/19 22:51:41.072768][info][360536][Context.cpp:82] get config EnumerateNetDevice:false
[01/19 22:51:41.072771][info][360536][MacPal.cpp:36] createObPal: create MacPal!
[01/19 22:51:41.074485][info][360536][MacPal.cpp:104] Create PollingDeviceWatcher!
[01/19 22:51:41.074509][info][360536][DeviceManager.cpp:15] Current found device(s): (0)
[01/19 22:51:41.074514][info][360536][Pipeline.cpp:15] Try to create pipeline with default device.
[01/19 22:51:41.074520][warning][360536][ObException.cpp:5] No device found, fail to create pipeline!
[01/19 22:51:41.075269][info][360536][Context.cpp:90] Context destroyed
----------------------------- Captured stderr call -----------------------------
OpenCV: not authorized to capture video (status 0), requesting...
OpenCV: camera failed to properly initialize!
[ WARN:0@1.991] global cap.cpp:323 open VIDEOIO(OBSENSOR): raised unknown C++ exception!


------------------------------ Captured log call -------------------------------
WARNING  thermal2pro.ui.window:window.py:91 Camera initialization failed: Failed to open camera, falling back to mock camera
=============================== warnings summary ===============================
tests/test_modes.py:15
  /Users/lclose/claude-space/thermal2pro/tests/test_modes.py:15: PytestCollectionWarning: cannot collect test class 'TestThermalWindow' because it has a __init__ constructor (from: tests/test_modes.py)
    class TestThermalWindow(ThermalWindow):

tests/test_ui.py:12
  /Users/lclose/claude-space/thermal2pro/tests/test_ui.py:12: PytestCollectionWarning: cannot collect test class 'TestThermalWindow' because it has a __init__ constructor (from: tests/test_ui.py)
    class TestThermalWindow(ThermalWindow):

tests/test_cairo_handling.py: 11 warnings
tests/test_camera.py: 2 warnings
tests/test_camera_processing.py: 6 warnings
tests/test_integration.py: 7 warnings
tests/test_live_view.py: 8 warnings
tests/test_modes.py: 5 warnings
tests/test_storage.py: 7 warnings
tests/test_ui.py: 8 warnings
  /Users/lclose/claude-space/thermal2pro/tests/conftest.py:58: PytestUnknownMarkWarning: Unknown pytest.mark.gtk - is this a typo?  You can register custom marks to avoid this warning - for details, see https://docs.pytest.org/en/stable/how-to/mark.html
    if pytest.mark.gtk in request.node.iter_markers():

-- Docs: https://docs.pytest.org/en/stable/how-to/capture-warnings.html
=========================== short test summary info ============================
FAILED tests/test_modes.py::TestModes::test_mode_switching - TypeError: <__gi__.GdkMacosDisplay object at 0x12613fc40 (GdkMacosDisplay at 0x126789a40)>: unknown signal name: monitor-added
FAILED tests/test_ui.py::TestWindow::test_window_initialization - TypeError: <__gi__.GdkMacosDisplay object at 0x12613fc40 (GdkMacosDisplay at 0x126789a40)>: unknown signal name: monitor-added
FAILED tests/test_ui.py::TestWindow::test_camera_fallback - TypeError: <__gi__.GdkMacosDisplay object at 0x12613fc40 (GdkMacosDisplay at 0x126789a40)>: unknown signal name: monitor-added
FAILED tests/test_ui.py::TestWindow::test_frame_processing - TypeError: <__gi__.GdkMacosDisplay object at 0x12613fc40 (GdkMacosDisplay at 0x126789a40)>: unknown signal name: monitor-added
FAILED tests/test_ui.py::TestWindow::test_window_cleanup - TypeError: <__gi__.GdkMacosDisplay object at 0x12613fc40 (GdkMacosDisplay at 0x126789a40)>: unknown signal name: monitor-added
FAILED tests/test_ui.py::TestWindow::test_drawing_area - TypeError: <__gi__.GdkMacosDisplay object at 0x12613fc40 (GdkMacosDisplay at 0x126789a40)>: unknown signal name: monitor-added
FAILED tests/test_ui.py::TestWindow::test_error_handling - TypeError: <__gi__.GdkMacosDisplay object at 0x12613fc40 (GdkMacosDisplay at 0x126789a40)>: unknown signal name: monitor-added
FAILED tests/test_ui.py::TestWindow::test_resize_handling - TypeError: <__gi__.GdkMacosDisplay object at 0x12613fc40 (GdkMacosDisplay at 0x126789a40)>: unknown signal name: monitor-added
FAILED tests/test_ui.py::TestWindow::test_mode_button_interaction - TypeError: <__gi__.GdkMacosDisplay object at 0x12613fc40 (GdkMacosDisplay at 0x126789a40)>: unknown signal name: monitor-added
================== 9 failed, 45 passed, 56 warnings in 2.07s ===================
