============================= test session starts ==============================
platform darwin -- Python 3.13.1, pytest-8.3.4, pluggy-1.5.0 -- /Users/lclose/thermal2pro/thermalenv/bin/python3
cachedir: .pytest_cache
rootdir: /Users/lclose/thermal2pro
configfile: pyproject.toml
collecting ... collected 7 items

tests/test_integration.py::TestMockCamera::test_cleanup PASSED           [ 14%]
tests/test_integration.py::TestMockCamera::test_frame_capture PASSED     [ 28%]
tests/test_integration.py::TestMockCamera::test_frame_processing PASSED  [ 42%]
tests/test_integration.py::TestMockCamera::test_frame_saving PASSED      [ 57%]
tests/test_integration.py::TestMockCamera::test_initialization PASSED    [ 71%]
tests/test_integration.py::TestImageProcessing::test_colormap_application PASSED [ 85%]
tests/test_integration.py::TestImageProcessing::test_frame_conversion PASSED [100%]

============================== 7 passed in 0.38s ===============================
